<?xml version="1.0" encoding="UTF-8"?>
<!-- Generated by org.testng.reporters.JUnitReportReporter -->
<testsuite hostname="DESKTOP-8O7KDCE" failures="0" tests="1" name="Browser.Browsers" time="18.538" errors="0" timestamp="2022-06-28T12:21:50 IST" skipped="0">
  <testcase classname="Browser.Browsers" name="buttons" time="18.538"/>
  <system-out/>
</testsuite> <!-- Browser.Browsers -->
