<?xml version="1.0" encoding="UTF-8"?>
<!-- Generated by org.testng.reporters.JUnitReportReporter -->
<testsuite hostname="LTIN302580" failures="0" tests="1" name="com.selenium.miniproject.CarSelection" time="5.765" errors="0" timestamp="2022-12-01T17:21:24 IST" skipped="0">
  <testcase classname="com.selenium.miniproject.CarSelection" name="carSelection" time="5.765"/>
  <system-out/>
</testsuite> <!-- com.selenium.miniproject.CarSelection -->
